app/build/intermediates/manifest_merge_blame_file/aDebug/manifest-merger-blame-a-debug-report.txt
1<?xml version="1.0" encoding="utf-8"?>
2<manifest xmlns:android="http://schemas.android.com/apk/res/android"
3    xmlns:dist="http://schemas.android.com/apk/distribution"
4    package="com.maryang.storage.a"
5    android:versionCode="1"
6    android:versionName="1.0" >
7
8    <uses-sdk
8-->src/main/AndroidManifest.xml:15:5-47
9        android:minSdkVersion="21"
9-->src/main/AndroidManifest.xml:15:5-47
10        android:targetSdkVersion="29" />
10-->src/main/AndroidManifest.xml:15:15-44
11
12    <dist:module dist:instant="true" />
12-->src/main/AndroidManifest.xml:8:5-40
12-->src/main/AndroidManifest.xml:8:18-37
13
14    <uses-permission android:name="android.permission.INTERNET" />
14-->src/main/AndroidManifest.xml:10:5-67
14-->src/main/AndroidManifest.xml:10:22-64
15    <uses-permission android:name="android.permission.READ_EXTERNAL_STORAGE" />
15-->src/main/AndroidManifest.xml:11:5-80
15-->src/main/AndroidManifest.xml:11:22-77
16    <uses-permission android:name="android.permission.WRITE_EXTERNAL_STORAGE" />
16-->src/main/AndroidManifest.xml:12:5-81
16-->src/main/AndroidManifest.xml:12:22-78
17    <uses-permission android:name="android.permission.ACCESS_MEDIA_LOCATION" />
17-->src/main/AndroidManifest.xml:13:5-80
17-->src/main/AndroidManifest.xml:13:22-77
18
19    <application
19-->src/main/AndroidManifest.xml:17:5-36:19
20        android:name="com.maryang.storage.base.BaseApplication"
20-->src/main/AndroidManifest.xml:18:9-45
21        android:allowBackup="true"
21-->src/main/AndroidManifest.xml:19:9-35
22        android:appComponentFactory="androidx.core.app.CoreComponentFactory"
22-->[androidx.core:core:1.1.0-rc01] AndroidManifest.xml:24:18-86
23        android:debuggable="true"
24        android:icon="@mipmap/ic_launcher"
24-->src/main/AndroidManifest.xml:20:9-43
25        android:label="@string/app_name"
25-->src/main/AndroidManifest.xml:21:9-41
26        android:requestLegacyExternalStorage="true"
26-->src/main/AndroidManifest.xml:22:9-52
27        android:roundIcon="@mipmap/ic_launcher_round"
27-->src/main/AndroidManifest.xml:23:9-54
28        android:supportsRtl="true"
28-->src/main/AndroidManifest.xml:24:9-35
29        android:testOnly="true"
30        android:theme="@style/AppTheme" >
30-->src/main/AndroidManifest.xml:25:9-40
31        <activity
31-->src/main/AndroidManifest.xml:27:9-35:20
32            android:name="com.maryang.storage.ui.ImagesActivity"
32-->src/main/AndroidManifest.xml:28:13-46
33            android:theme="@style/AppTheme" >
33-->src/main/AndroidManifest.xml:29:13-44
34            <intent-filter>
34-->src/main/AndroidManifest.xml:30:13-34:29
35                <action android:name="android.intent.action.MAIN" />
35-->src/main/AndroidManifest.xml:31:17-69
35-->src/main/AndroidManifest.xml:31:25-66
36
37                <category android:name="android.intent.category.LAUNCHER" />
37-->src/main/AndroidManifest.xml:33:17-77
37-->src/main/AndroidManifest.xml:33:27-74
38            </intent-filter>
39        </activity>
40    </application>
41
42</manifest>